2025-06-13T15:20:30.795+03:00  INFO 51101 --- [email-service] [main] c.d.e.EmailServiceApplication            : Starting EmailServiceApplication using Java 21.0.7 with PID 51101 (/Users/mac/Documents/mine/java/check-out/email-service/target/classes started by mac in /Users/mac/Documents/mine/java/check-out/email-service)
2025-06-13T15:20:30.800+03:00  INFO 51101 --- [email-service] [main] c.d.e.EmailServiceApplication            : The following 1 profile is active: "local"
2025-06-13T15:20:32.811+03:00  INFO 51101 --- [email-service] [main] .s.d.r.c.RepositoryConfigurationDelegate : Bootstrapping Spring Data JPA repositories in DEFAULT mode.
2025-06-13T15:20:32.884+03:00  INFO 51101 --- [email-service] [main] .s.d.r.c.RepositoryConfigurationDelegate : Finished Spring Data repository scanning in 29 ms. Found 0 JPA repository interfaces.
2025-06-13T15:20:33.731+03:00  INFO 51101 --- [email-service] [main] o.s.b.w.embedded.tomcat.TomcatWebServer  : Tomcat initialized with port 8081 (http)
2025-06-13T15:20:33.785+03:00  INFO 51101 --- [email-service] [main] o.apache.catalina.core.StandardService   : Starting service [Tomcat]
2025-06-13T15:20:33.786+03:00  INFO 51101 --- [email-service] [main] o.apache.catalina.core.StandardEngine    : Starting Servlet engine: [Apache Tomcat/10.1.41]
2025-06-13T15:20:33.912+03:00  INFO 51101 --- [email-service] [main] o.a.c.c.C.[Tomcat].[localhost].[/]       : Initializing Spring embedded WebApplicationContext
2025-06-13T15:20:33.913+03:00  INFO 51101 --- [email-service] [main] w.s.c.ServletWebServerApplicationContext : Root WebApplicationContext: initialization completed in 2943 ms
2025-06-13T15:20:34.457+03:00  INFO 51101 --- [email-service] [main] o.hibernate.jpa.internal.util.LogHelper  : HHH000204: Processing PersistenceUnitInfo [name: default]
2025-06-13T15:20:34.638+03:00  INFO 51101 --- [email-service] [main] org.hibernate.Version                    : HHH000412: Hibernate ORM core version 6.6.15.Final
2025-06-13T15:20:34.732+03:00  INFO 51101 --- [email-service] [main] o.h.c.internal.RegionFactoryInitiator    : HHH000026: Second-level cache disabled
2025-06-13T15:20:35.495+03:00  INFO 51101 --- [email-service] [main] o.s.o.j.p.SpringPersistenceUnitInfo      : No LoadTimeWeaver setup: ignoring JPA class transformer
2025-06-13T15:20:35.574+03:00  INFO 51101 --- [email-service] [main] com.zaxxer.hikari.HikariDataSource       : HikariPool-1 - Starting...
2025-06-13T15:20:36.010+03:00  INFO 51101 --- [email-service] [main] com.zaxxer.hikari.pool.HikariPool        : HikariPool-1 - Added connection org.postgresql.jdbc.PgConnection@391d28ea
2025-06-13T15:20:36.014+03:00  INFO 51101 --- [email-service] [main] com.zaxxer.hikari.HikariDataSource       : HikariPool-1 - Start completed.
2025-06-13T15:20:36.145+03:00  WARN 51101 --- [email-service] [main] org.hibernate.orm.deprecation            : HHH90000025: PostgreSQLDialect does not need to be specified explicitly using 'hibernate.dialect' (remove the property setting and it will be selected by default)
2025-06-13T15:20:36.215+03:00  INFO 51101 --- [email-service] [main] org.hibernate.orm.connections.pooling    : HHH10001005: Database info:
	Database JDBC URL [Connecting through datasource 'HikariDataSource (HikariPool-1)']
	Database driver: undefined/unknown
	Database version: 14.18
	Autocommit mode: undefined/unknown
	Isolation level: undefined/unknown
	Minimum pool size: undefined/unknown
	Maximum pool size: undefined/unknown
2025-06-13T15:20:37.008+03:00  INFO 51101 --- [email-service] [main] o.h.e.t.j.p.i.JtaPlatformInitiator       : HHH000489: No JTA platform available (set 'hibernate.transaction.jta.platform' to enable JTA platform integration)
2025-06-13T15:20:37.022+03:00  INFO 51101 --- [email-service] [main] j.LocalContainerEntityManagerFactoryBean : Initialized JPA EntityManagerFactory for persistence unit 'default'
2025-06-13T15:20:37.131+03:00  WARN 51101 --- [email-service] [main] JpaBaseConfiguration$JpaWebConfiguration : spring.jpa.open-in-view is enabled by default. Therefore, database queries may be performed during view rendering. Explicitly configure spring.jpa.open-in-view to disable this warning
2025-06-13T15:20:38.045+03:00  INFO 51101 --- [email-service] [main] o.s.b.a.e.web.EndpointLinksResolver      : Exposing 1 endpoint beneath base path '/actuator'
2025-06-13T15:20:38.180+03:00  INFO 51101 --- [email-service] [main] o.s.b.w.embedded.tomcat.TomcatWebServer  : Tomcat started on port 8081 (http) with context path '/'
2025-06-13T15:20:38.201+03:00  INFO 51101 --- [email-service] [main] c.d.e.EmailServiceApplication            : Started EmailServiceApplication in 8.611 seconds (process running for 9.228)
2025-06-13T15:20:52.682+03:00  INFO 51101 --- [email-service] [http-nio-8081-exec-1] o.a.c.c.C.[Tomcat].[localhost].[/]       : Initializing Spring DispatcherServlet 'dispatcherServlet'
2025-06-13T15:20:52.684+03:00  INFO 51101 --- [email-service] [http-nio-8081-exec-1] o.s.web.servlet.DispatcherServlet        : Initializing Servlet 'dispatcherServlet'
2025-06-13T15:20:52.686+03:00  INFO 51101 --- [email-service] [http-nio-8081-exec-1] o.s.web.servlet.DispatcherServlet        : Completed initialization in 2 ms
